<?xml version="1.0" encoding="UTF-8"?>
<testng-results ignored="0" total="1" passed="1" failed="0" skipped="0">
  <reporter-output>
  </reporter-output>
  <suite started-at="2023-01-05T15:19:03 IST" name="Suite" finished-at="2023-01-05T15:19:11 IST" duration-ms="8257">
    <groups>
    </groups>
    <test started-at="2023-01-05T15:19:03 IST" name="Test" finished-at="2023-01-05T15:19:11 IST" duration-ms="8257">
      <class name="TestCases.TC1">
        <test-method is-config="true" signature="setUp()[pri:0, instance:TestCases.TC1@188715b5]" started-at="2023-01-05T15:19:03 IST" name="setUp" finished-at="2023-01-05T15:19:11 IST" duration-ms="7757" status="PASS">
          <reporter-output>
          </reporter-output>
        </test-method> <!-- setUp -->
        <test-method signature="TestCase_1()[pri:0, instance:TestCases.TC1@188715b5]" started-at="2023-01-05T15:19:11 IST" name="TestCase_1" finished-at="2023-01-05T15:19:11 IST" duration-ms="96" status="PASS">
          <reporter-output>
          </reporter-output>
        </test-method> <!-- TestCase_1 -->
        <test-method is-config="true" signature="tearDown()[pri:0, instance:TestCases.TC1@188715b5]" started-at="2023-01-05T15:19:11 IST" name="tearDown" finished-at="2023-01-05T15:19:11 IST" duration-ms="316" status="PASS">
          <reporter-output>
          </reporter-output>
        </test-method> <!-- tearDown -->
      </class> <!-- TestCases.TC1 -->
    </test> <!-- Test -->
  </suite> <!-- Suite -->
</testng-results>
