<?xml version="1.0" encoding="UTF-8"?>
<testng-results ignored="0" total="1" passed="1" failed="0" skipped="0">
  <reporter-output>
  </reporter-output>
  <suite started-at="2023-01-05T15:48:36 IST" name="Suite" finished-at="2023-01-05T15:48:47 IST" duration-ms="10956">
    <groups>
    </groups>
    <test started-at="2023-01-05T15:48:36 IST" name="Test" finished-at="2023-01-05T15:48:47 IST" duration-ms="10956">
      <class name="TestCases.TC1">
        <test-method is-config="true" signature="setUp()[pri:0, instance:TestCases.TC1@55b7a4e0]" started-at="2023-01-05T15:48:36 IST" name="setUp" finished-at="2023-01-05T15:48:46 IST" duration-ms="10242" status="PASS">
          <reporter-output>
          </reporter-output>
        </test-method> <!-- setUp -->
        <test-method signature="TestCase_1()[pri:0, instance:TestCases.TC1@55b7a4e0]" started-at="2023-01-05T15:48:46 IST" name="TestCase_1" finished-at="2023-01-05T15:48:46 IST" duration-ms="42" status="PASS">
          <reporter-output>
          </reporter-output>
        </test-method> <!-- TestCase_1 -->
        <test-method is-config="true" signature="tearDown()[pri:0, instance:TestCases.TC1@55b7a4e0]" started-at="2023-01-05T15:48:46 IST" name="tearDown" finished-at="2023-01-05T15:48:47 IST" duration-ms="603" status="PASS">
          <reporter-output>
          </reporter-output>
        </test-method> <!-- tearDown -->
      </class> <!-- TestCases.TC1 -->
    </test> <!-- Test -->
  </suite> <!-- Suite -->
</testng-results>
