<?xml version="1.0" encoding="UTF-8"?>
<testng-results skipped="0" failed="0" ignored="0" total="1" passed="1">
  <reporter-output>
  </reporter-output>
  <suite name="Suite" duration-ms="21076" started-at="2023-01-05T14:47:37 IST" finished-at="2023-01-05T14:47:58 IST">
    <groups>
    </groups>
    <test name="Test" duration-ms="21076" started-at="2023-01-05T14:47:37 IST" finished-at="2023-01-05T14:47:58 IST">
      <class name="TestCases.TC1">
        <test-method status="PASS" signature="setUp()[pri:0, instance:TestCases.TC1@2db7a79b]" name="setUp" is-config="true" duration-ms="19977" started-at="2023-01-05T14:47:37 IST" finished-at="2023-01-05T14:47:57 IST">
          <reporter-output>
          </reporter-output>
        </test-method> <!-- setUp -->
        <test-method status="PASS" signature="TestCase_1()[pri:0, instance:TestCases.TC1@2db7a79b]" name="TestCase_1" duration-ms="72" started-at="2023-01-05T14:47:57 IST" finished-at="2023-01-05T14:47:57 IST">
          <reporter-output>
          </reporter-output>
        </test-method> <!-- TestCase_1 -->
        <test-method status="PASS" signature="tearDown()[pri:0, instance:TestCases.TC1@2db7a79b]" name="tearDown" is-config="true" duration-ms="916" started-at="2023-01-05T14:47:57 IST" finished-at="2023-01-05T14:47:58 IST">
          <reporter-output>
          </reporter-output>
        </test-method> <!-- tearDown -->
      </class> <!-- TestCases.TC1 -->
    </test> <!-- Test -->
  </suite> <!-- Suite -->
</testng-results>
